INFO:__main__:Starting Beam pipeline with 4 workers, 4 threads per worker using DirectRunner
INFO:__main__:Processing queue: page_queue from queue.db
INFO:__main__:Batch size: 10 items per batch
INFO:__main__:Found 0 items to process
INFO:__main__:Created 0 batches of ~10 items each
WARNING:apache_beam.options.pipeline_options:Unparseable argument: --workers. Did you mean '--num_workers'?'
WARNING:apache_beam.options.pipeline_options:Unparseable argument: 4
WARNING:apache_beam.options.pipeline_options:Unparseable argument: --threads. Did you mean '--streaming'?'
WARNING:apache_beam.options.pipeline_options:Unparseable argument: 4
WARNING:apache_beam.options.pipeline_options:Unparseable argument: --batch-size
WARNING:apache_beam.options.pipeline_options:Unparseable argument: 10
WARNING:apache_beam.options.pipeline_options:Discarding unparseable args: ['--workers', '4', '--threads', '4', '--batch-size', '10']
INFO:apache_beam.runners.direct.direct_runner:Running pipeline with PrismRunner.
INFO:apache_beam.runners.worker.worker_pool_main:Listening for workers at localhost:41615
INFO:apache_beam.runners.portability.prism_runner:Using cached prism binary/zip from /home/rom1504/.apache_beam/cache/prism/bin/apache_beam-v2.69.0-prism-linux-amd64.zip for https://github.com/apache/beam/releases/download/v2.69.0/apache_beam-v2.69.0-prism-linux-amd64.zip
INFO:apache_beam.runners.portability.prism_runner:Using cached prism binary from /home/rom1504/.apache_beam/cache/prism/bin/apache_beam-v2.69.0-prism-linux-amd64 for /home/rom1504/.apache_beam/cache/prism/bin/apache_beam-v2.69.0-prism-linux-amd64.zip
INFO:apache_beam.runners.portability.prism_runner:Prism binary path resolved to: /home/rom1504/.apache_beam/cache/prism/bin/apache_beam-v2.69.0-prism-linux-amd64
INFO:apache_beam.utils.subprocess_server:Starting service with ('/home/rom1504/.apache_beam/cache/prism/bin/apache_beam-v2.69.0-prism-linux-amd64' '--job_port' '36997' '--log_level' 'info' '--log_kind' 'json' '--serve_http=false')
INFO:PrismRunner:Serving JobManagement (endpoint='localhost:36997')
INFO:apache_beam.runners.portability.portable_runner:Environment "LOOPBACK" has started a component necessary for the execution. Be sure to run the pipeline using
  with Pipeline() as p:
    p.apply(..)
This ensures that the pipeline finishes before this program exits.
INFO:apache_beam.runners.worker.statecache:Creating state cache with size 0
INFO:apache_beam.runners.worker.sdk_worker:Creating insecure control channel for localhost:36997.
INFO:apache_beam.runners.portability.portable_runner:Job state changed to STOPPED
INFO:root:starting job-001[job]
INFO:root:running job-001[job]
INFO:apache_beam.runners.worker.sdk_worker:Control channel established.
INFO:apache_beam.runners.portability.portable_runner:Job state changed to RUNNING
INFO:apache_beam.runners.worker.sdk_worker:Initializing SDKHarness with unbounded number of workers.
INFO:apache_beam.runners.worker.sdk_worker:Creating insecure state channel for localhost:36997.
INFO:apache_beam.runners.worker.sdk_worker:State channel established.
INFO:apache_beam.runners.worker.data_plane:Creating client data channel for localhost:36997
INFO:apache_beam.runners.worker.data_plane:Data channel established.
INFO:__main__:Setting up processor in worker 133542277591840 with 4 threads
INFO:__main__:Pipeline complete: 0 succeeded, 0 failed, 0 total chunks
INFO:PrismRunner:pipeline done! (job='job-001[job]')
INFO:root:pipeline completed job-001[job]
INFO:root:terminating job-001[job]
INFO:apache_beam.runners.worker.sdk_worker:No more requests from control plane
INFO:apache_beam.runners.worker.sdk_worker:SDK Harness waiting for in-flight requests to complete
INFO:apache_beam.runners.worker.data_plane:Closing all cached grpc data channels.
INFO:apache_beam.runners.worker.sdk_worker:Closing all cached gRPC state handlers.
INFO:apache_beam.runners.worker.sdk_worker:Done consuming work.
INFO:apache_beam.runners.portability.portable_runner:Job state changed to DONE
INFO:__main__:Total pipeline execution time: 1.37 seconds
